
> @fremtind/jkl@2.0.0-alpha.0 build-storybook /Users/ole.jorgen.bakken/Git/jokul
> storybook build "--output-dir=/var/folders/wx/chrv8g5178l3hxhm8ll2f1040000gp/T/chromatic--73493-RsU20sDe75jM"

[1m@storybook/core v8.6.7
[22m
info => Cleaning outputDir: [36m../../../../var/folders/wx/chrv8g5178l3hxhm8ll2f1040000gp/T/chromatic--73493-RsU20sDe75jM[39m
info => Loading presets
info => Building manager..
info => Manager built ([38;2;181;126;229m123 ms[39m)
info => Building preview..
[36mvite v5.4.14 [32mbuilding for production...[36m[39m
transforming...
info => Copying static files: [36mstorybook-public[39m at [36m../../../../var/folders/wx/chrv8g5178l3hxhm8ll2f1040000gp/T/chromatic--73493-RsU20sDe75jM[39m
[32m✓[39m 967 modules transformed.
rendering chunks...
[2m../../../../var/folders/wx/chrv8g5178l3hxhm8ll2f1040000gp/T/chromatic--73493-RsU20sDe75jM/[22m[32miframe.html                                            [39m[1m[2m   16.22 kB[22m[1m[22m
[2m../../../../var/folders/wx/chrv8g5178l3hxhm8ll2f1040000gp/T/chromatic--73493-RsU20sDe75jM/[22m[2massets/[22m[32mFremtindGrotesk-Display-Web-C8f0j57Z.woff2      [39m[1m[2m   39.52 kB[22m[1m[22m
[2m../../../../var/folders/wx/chrv8g5178l3hxhm8ll2f1040000gp/T/chromatic--73493-RsU20sDe75jM/[22m[2massets/[22m[32mFremtindGroteskMono-Regular-Web-D6J-K75K.woff2  [39m[1m[2m   45.55 kB[22m[1m[22m
[2m../../../../var/folders/wx/chrv8g5178l3hxhm8ll2f1040000gp/T/chromatic--73493-RsU20sDe75jM/[22m[2massets/[22m[32mFremtindGrotesk-Display-Web-DgwTzw3L.woff       [39m[1m[2m   46.05 kB[22m[1m[22m
[2m../../../../var/folders/wx/chrv8g5178l3hxhm8ll2f1040000gp/T/chromatic--73493-RsU20sDe75jM/[22m[2massets/[22m[32mFremtindGrotesk-Bold-Web-DfvTCmDY.woff2         [39m[1m[2m   46.78 kB[22m[1m[22m
[2m../../../../var/folders/wx/chrv8g5178l3hxhm8ll2f1040000gp/T/chromatic--73493-RsU20sDe75jM/[22m[2massets/[22m[32mFremtindGrotesk-BoldItalic-Web-DLB4Um_9.woff2   [39m[1m[2m   48.18 kB[22m[1m[22m
[2m../../../../var/folders/wx/chrv8g5178l3hxhm8ll2f1040000gp/T/chromatic--73493-RsU20sDe75jM/[22m[2massets/[22m[32mFremtindGrotesk-Regular-Web-BZgipKcW.woff2      [39m[1m[2m   50.58 kB[22m[1m[22m
[2m../../../../var/folders/wx/chrv8g5178l3hxhm8ll2f1040000gp/T/chromatic--73493-RsU20sDe75jM/[22m[2massets/[22m[32mFremtindGrotesk-Italic-Web-dCM-6KRc.woff2       [39m[1m[2m   51.80 kB[22m[1m[22m
[2m../../../../var/folders/wx/chrv8g5178l3hxhm8ll2f1040000gp/T/chromatic--73493-RsU20sDe75jM/[22m[2massets/[22m[32mFremtindGroteskMono-Regular-Web-CioYysMq.woff   [39m[1m[2m   58.40 kB[22m[1m[22m
[2m../../../../var/folders/wx/chrv8g5178l3hxhm8ll2f1040000gp/T/chromatic--73493-RsU20sDe75jM/[22m[2massets/[22m[32mFremtindGrotesk-Bold-Web-Brn9hJ_a.woff          [39m[1m[2m   59.02 kB[22m[1m[22m
[2m../../../../var/folders/wx/chrv8g5178l3hxhm8ll2f1040000gp/T/chromatic--73493-RsU20sDe75jM/[22m[2massets/[22m[32mFremtindGrotesk-BoldItalic-Web-By2TU7iW.woff    [39m[1m[2m   60.58 kB[22m[1m[22m
[2m../../../../var/folders/wx/chrv8g5178l3hxhm8ll2f1040000gp/T/chromatic--73493-RsU20sDe75jM/[22m[2massets/[22m[32mFremtindGrotesk-Regular-Web-C1Dc6hKS.woff       [39m[1m[2m   64.24 kB[22m[1m[22m
[2m../../../../var/folders/wx/chrv8g5178l3hxhm8ll2f1040000gp/T/chromatic--73493-RsU20sDe75jM/[22m[2massets/[22m[32mFremtindGrotesk-Italic-Web-DpJWcq58.woff        [39m[1m[2m   65.73 kB[22m[1m[22m
[2m../../../../var/folders/wx/chrv8g5178l3hxhm8ll2f1040000gp/T/chromatic--73493-RsU20sDe75jM/[22m[2massets/[22m[32mFremtind-Material-Symbols-DGlMKx7D.woff2        [39m[1m[2m1,666.64 kB[22m[1m[22m
[2m../../../../var/folders/wx/chrv8g5178l3hxhm8ll2f1040000gp/T/chromatic--73493-RsU20sDe75jM/[22m[2massets/[22m[35m_index-DUo4atWB.css                             [39m[1m[2m    0.15 kB[22m[1m[22m
[2m../../../../var/folders/wx/chrv8g5178l3hxhm8ll2f1040000gp/T/chromatic--73493-RsU20sDe75jM/[22m[2massets/[22m[35mImage-CMge4mp3.css                              [39m[1m[2m    0.48 kB[22m[1m[22m
[2m../../../../var/folders/wx/chrv8g5178l3hxhm8ll2f1040000gp/T/chromatic--73493-RsU20sDe75jM/[22m[2massets/[22m[35mProgressBar-D2_d20Et.css                        [39m[1m[2m    0.66 kB[22m[1m[22m
[2m../../../../var/folders/wx/chrv8g5178l3hxhm8ll2f1040000gp/T/chromatic--73493-RsU20sDe75jM/[22m[2massets/[22m[35mCountdown-qmrLgiV8.css                          [39m[1m[2m    0.67 kB[22m[1m[22m
[2m../../../../var/folders/wx/chrv8g5178l3hxhm8ll2f1040000gp/T/chromatic--73493-RsU20sDe75jM/[22m[2massets/[22m[35mDescriptionList-B0Hp3Jz1.css                    [39m[1m[2m    0.89 kB[22m[1m[22m
[2m../../../../var/folders/wx/chrv8g5178l3hxhm8ll2f1040000gp/T/chromatic--73493-RsU20sDe75jM/[22m[2massets/[22m[35mIconButton-DrEwnvwu.css                         [39m[1m[2m    0.96 kB[22m[1m[22m
[2m../../../../var/folders/wx/chrv8g5178l3hxhm8ll2f1040000gp/T/chromatic--73493-RsU20sDe75jM/[22m[2massets/[22m[35msummary-table-D64PEFE1.css                      [39m[1m[2m    1.11 kB[22m[1m[22m
[2m../../../../var/folders/wx/chrv8g5178l3hxhm8ll2f1040000gp/T/chromatic--73493-RsU20sDe75jM/[22m[2massets/[22m[35mNavLink-DPL3FXdX.css                            [39m[1m[2m    1.39 kB[22m[1m[22m
[2m../../../../var/folders/wx/chrv8g5178l3hxhm8ll2f1040000gp/T/chromatic--73493-RsU20sDe75jM/[22m[2massets/[22m[35mLink-BtTIcYE-.css                               [39m[1m[2m    1.39 kB[22m[1m[22m
[2m../../../../var/folders/wx/chrv8g5178l3hxhm8ll2f1040000gp/T/chromatic--73493-RsU20sDe75jM/[22m[2massets/[22m[35m_index-ClUFZ1uX.css                             [39m[1m[2m    1.64 kB[22m[1m[22m
[2m../../../../var/folders/wx/chrv8g5178l3hxhm8ll2f1040000gp/T/chromatic--73493-RsU20sDe75jM/[22m[2massets/[22m[35m_index-DyU45KCu.css                             [39m[1m[2m    1.96 kB[22m[1m[22m
[2m../../../../var/folders/wx/chrv8g5178l3hxhm8ll2f1040000gp/T/chromatic--73493-RsU20sDe75jM/[22m[2massets/[22m[35mRadioPanel-GQPmt-wg.css                         [39m[1m[2m    2.57 kB[22m[1m[22m
[2m../../../../var/folders/wx/chrv8g5178l3hxhm8ll2f1040000gp/T/chromatic--73493-RsU20sDe75jM/[22m[2massets/[22m[35m_index-DsQ8lvAp.css                             [39m[1m[2m    2.82 kB[22m[1m[22m
[2m../../../../var/folders/wx/chrv8g5178l3hxhm8ll2f1040000gp/T/chromatic--73493-RsU20sDe75jM/[22m[2massets/[22m[35m_index-D1gQCNf2.css                             [39m[1m[2m    3.18 kB[22m[1m[22m
[2m../../../../var/folders/wx/chrv8g5178l3hxhm8ll2f1040000gp/T/chromatic--73493-RsU20sDe75jM/[22m[2massets/[22m[35mCheckboxPanel-DtZo_Oi3.css                      [39m[1m[2m    3.23 kB[22m[1m[22m
[2m../../../../var/folders/wx/chrv8g5178l3hxhm8ll2f1040000gp/T/chromatic--73493-RsU20sDe75jM/[22m[2massets/[22m[35m_index-DFypFnTV.css                             [39m[1m[2m    4.27 kB[22m[1m[22m
[2m../../../../var/folders/wx/chrv8g5178l3hxhm8ll2f1040000gp/T/chromatic--73493-RsU20sDe75jM/[22m[2massets/[22m[35mList-NOntc1at.css                               [39m[1m[2m    4.49 kB[22m[1m[22m
[2m../../../../var/folders/wx/chrv8g5178l3hxhm8ll2f1040000gp/T/chromatic--73493-RsU20sDe75jM/[22m[2massets/[22m[35m_index-3XN4oyov.css                             [39m[1m[2m    4.57 kB[22m[1m[22m
[2m../../../../var/folders/wx/chrv8g5178l3hxhm8ll2f1040000gp/T/chromatic--73493-RsU20sDe75jM/[22m[2massets/[22m[35mLinkList-BwdmAr8l.css                           [39m[1m[2m    4.89 kB[22m[1m[22m
[2m../../../../var/folders/wx/chrv8g5178l3hxhm8ll2f1040000gp/T/chromatic--73493-RsU20sDe75jM/[22m[2massets/[22m[35mTooltip-D10XfXhd.css                            [39m[1m[2m    5.09 kB[22m[1m[22m
[2m../../../../var/folders/wx/chrv8g5178l3hxhm8ll2f1040000gp/T/chromatic--73493-RsU20sDe75jM/[22m[2massets/[22m[35mTag-DdEpIazV.css                                [39m[1m[2m    5.09 kB[22m[1m[22m
[2m../../../../var/folders/wx/chrv8g5178l3hxhm8ll2f1040000gp/T/chromatic--73493-RsU20sDe75jM/[22m[2massets/[22m[35mChip-Cqt3dFLz.css                               [39m[1m[2m    5.17 kB[22m[1m[22m
[2m../../../../var/folders/wx/chrv8g5178l3hxhm8ll2f1040000gp/T/chromatic--73493-RsU20sDe75jM/[22m[2massets/[22m[35m_index-DbkK4V97.css                             [39m[1m[2m    6.74 kB[22m[1m[22m
[2m../../../../var/folders/wx/chrv8g5178l3hxhm8ll2f1040000gp/T/chromatic--73493-RsU20sDe75jM/[22m[2massets/[22m[35m_index-fhbpJMfj.css                             [39m[1m[2m    7.39 kB[22m[1m[22m
[2m../../../../var/folders/wx/chrv8g5178l3hxhm8ll2f1040000gp/T/chromatic--73493-RsU20sDe75jM/[22m[2massets/[22m[35m_index-CHZW6NTH.css                             [39m[1m[2m    7.70 kB[22m[1m[22m
[2m../../../../var/folders/wx/chrv8g5178l3hxhm8ll2f1040000gp/T/chromatic--73493-RsU20sDe75jM/[22m[2massets/[22m[35mToast-Bj_tmlfO.css                              [39m[1m[2m    7.82 kB[22m[1m[22m
[2m../../../../var/folders/wx/chrv8g5178l3hxhm8ll2f1040000gp/T/chromatic--73493-RsU20sDe75jM/[22m[2massets/[22m[35m_index-C7gL7k1n.css                             [39m[1m[2m    7.99 kB[22m[1m[22m
[2m../../../../var/folders/wx/chrv8g5178l3hxhm8ll2f1040000gp/T/chromatic--73493-RsU20sDe75jM/[22m[2massets/[22m[35m_index-DL02tnOY.css                             [39m[1m[2m    8.03 kB[22m[1m[22m
[2m../../../../var/folders/wx/chrv8g5178l3hxhm8ll2f1040000gp/T/chromatic--73493-RsU20sDe75jM/[22m[2massets/[22m[35m_index-DlhSUST1.css                             [39m[1m[2m    8.89 kB[22m[1m[22m
[2m../../../../var/folders/wx/chrv8g5178l3hxhm8ll2f1040000gp/T/chromatic--73493-RsU20sDe75jM/[22m[2massets/[22m[35mIcons-BW-t-m0G.css                              [39m[1m[2m    9.16 kB[22m[1m[22m
[2m../../../../var/folders/wx/chrv8g5178l3hxhm8ll2f1040000gp/T/chromatic--73493-RsU20sDe75jM/[22m[2massets/[22m[35m_index-D33xFY51.css                             [39m[1m[2m   10.00 kB[22m[1m[22m
[2m../../../../var/folders/wx/chrv8g5178l3hxhm8ll2f1040000gp/T/chromatic--73493-RsU20sDe75jM/[22m[2massets/[22m[35mToggleSwitch-C0NJev5E.css                       [39m[1m[2m   10.68 kB[22m[1m[22m
[2m../../../../var/folders/wx/chrv8g5178l3hxhm8ll2f1040000gp/T/chromatic--73493-RsU20sDe75jM/[22m[2massets/[22m[35m_index-DoZ_NQJx.css                             [39m[1m[2m   14.37 kB[22m[1m[22m
[2m../../../../var/folders/wx/chrv8g5178l3hxhm8ll2f1040000gp/T/chromatic--73493-RsU20sDe75jM/[22m[2massets/[22m[35m_index-D_26wDTc.css                             [39m[1m[2m   15.11 kB[22m[1m[22m
[2m../../../../var/folders/wx/chrv8g5178l3hxhm8ll2f1040000gp/T/chromatic--73493-RsU20sDe75jM/[22m[2massets/[22m[35m_index-DAPODzCG.css                             [39m[1m[2m   17.10 kB[22m[1m[22m
[2m../../../../var/folders/wx/chrv8g5178l3hxhm8ll2f1040000gp/T/chromatic--73493-RsU20sDe75jM/[22m[2massets/[22m[35mselect-CVo7ByHU.css                             [39m[1m[2m   18.02 kB[22m[1m[22m
[2m../../../../var/folders/wx/chrv8g5178l3hxhm8ll2f1040000gp/T/chromatic--73493-RsU20sDe75jM/[22m[2massets/[22m[35mfileInputContext-CfYvP6I8.css                   [39m[1m[2m   19.13 kB[22m[1m[22m
[2m../../../../var/folders/wx/chrv8g5178l3hxhm8ll2f1040000gp/T/chromatic--73493-RsU20sDe75jM/[22m[2massets/[22m[35mAutosuggest-BUeON0Xf.css                        [39m[1m[2m   21.72 kB[22m[1m[22m
[2m../../../../var/folders/wx/chrv8g5178l3hxhm8ll2f1040000gp/T/chromatic--73493-RsU20sDe75jM/[22m[2massets/[22m[35mTextArea-CFnPIqQc.css                           [39m[1m[2m   21.82 kB[22m[1m[22m
[2m../../../../var/folders/wx/chrv8g5178l3hxhm8ll2f1040000gp/T/chromatic--73493-RsU20sDe75jM/[22m[2massets/[22m[35mCombobox-ynx6Wynn.css                           [39m[1m[2m   22.41 kB[22m[1m[22m
[2m../../../../var/folders/wx/chrv8g5178l3hxhm8ll2f1040000gp/T/chromatic--73493-RsU20sDe75jM/[22m[2massets/[22m[35mtable-C8MWU1Lm.css                              [39m[1m[2m   23.46 kB[22m[1m[22m
[2m../../../../var/folders/wx/chrv8g5178l3hxhm8ll2f1040000gp/T/chromatic--73493-RsU20sDe75jM/[22m[2massets/[22m[35mCookieConsent-ALzUI5qe.css                      [39m[1m[2m   25.16 kB[22m[1m[22m
[2m../../../../var/folders/wx/chrv8g5178l3hxhm8ll2f1040000gp/T/chromatic--73493-RsU20sDe75jM/[22m[2massets/[22m[35mPagination-4AA7GxmO.css                         [39m[1m[2m   25.86 kB[22m[1m[22m
[2m../../../../var/folders/wx/chrv8g5178l3hxhm8ll2f1040000gp/T/chromatic--73493-RsU20sDe75jM/[22m[2massets/[22m[35mDatepicker-CS8auL8h.css                         [39m[1m[2m   27.09 kB[22m[1m[22m
[2m../../../../var/folders/wx/chrv8g5178l3hxhm8ll2f1040000gp/T/chromatic--73493-RsU20sDe75jM/[22m[2massets/[22m[35mFeedback-DsObaKNg.css                           [39m[1m[2m   52.28 kB[22m[1m[22m
[2m../../../../var/folders/wx/chrv8g5178l3hxhm8ll2f1040000gp/T/chromatic--73493-RsU20sDe75jM/[22m[2massets/[22m[35mpreview-mmLUREXk.css                            [39m[1m[2m   57.28 kB[22m[1m[22m
[2m../../../../var/folders/wx/chrv8g5178l3hxhm8ll2f1040000gp/T/chromatic--73493-RsU20sDe75jM/[22m[2massets/[22m[36musePreviousValue-ByfnePFg.js                    [39m[1m[2m    0.13 kB[22m[1m[22m
[2m../../../../var/folders/wx/chrv8g5178l3hxhm8ll2f1040000gp/T/chromatic--73493-RsU20sDe75jM/[22m[2massets/[22m[36mpreview-DYzi3Z2p.js                             [39m[1m[2m    0.16 kB[22m[1m[22m
[2m../../../../var/folders/wx/chrv8g5178l3hxhm8ll2f1040000gp/T/chromatic--73493-RsU20sDe75jM/[22m[2massets/[22m[36mpreview-BbZqEx06.js                             [39m[1m[2m    0.16 kB[22m[1m[22m
[2m../../../../var/folders/wx/chrv8g5178l3hxhm8ll2f1040000gp/T/chromatic--73493-RsU20sDe75jM/[22m[2massets/[22m[36mPenIcon-CoXL5nbQ.js                             [39m[1m[2m    0.17 kB[22m[1m[22m
[2m../../../../var/folders/wx/chrv8g5178l3hxhm8ll2f1040000gp/T/chromatic--73493-RsU20sDe75jM/[22m[2massets/[22m[36mCloseIcon-CMcOKeLe.js                           [39m[1m[2m    0.17 kB[22m[1m[22m
[2m../../../../var/folders/wx/chrv8g5178l3hxhm8ll2f1040000gp/T/chromatic--73493-RsU20sDe75jM/[22m[2massets/[22m[36mCheckIcon-B3nj2054.js                           [39m[1m[2m    0.17 kB[22m[1m[22m
[2m../../../../var/folders/wx/chrv8g5178l3hxhm8ll2f1040000gp/T/chromatic--73493-RsU20sDe75jM/[22m[2massets/[22m[36mSearchIcon-D8eS3YPE.js                          [39m[1m[2m    0.17 kB[22m[1m[22m
[2m../../../../var/folders/wx/chrv8g5178l3hxhm8ll2f1040000gp/T/chromatic--73493-RsU20sDe75jM/[22m[2massets/[22m[36mQuestionIcon-ChWfEs5E.js                        [39m[1m[2m    0.17 kB[22m[1m[22m
[2m../../../../var/folders/wx/chrv8g5178l3hxhm8ll2f1040000gp/T/chromatic--73493-RsU20sDe75jM/[22m[2massets/[22m[36mTrashCanIcon-CnoTk0b0.js                        [39m[1m[2m    0.17 kB[22m[1m[22m
[2m../../../../var/folders/wx/chrv8g5178l3hxhm8ll2f1040000gp/T/chromatic--73493-RsU20sDe75jM/[22m[2massets/[22m[36mCalendarIcon-r49N7WK9.js                        [39m[1m[2m    0.17 kB[22m[1m[22m
[2m../../../../var/folders/wx/chrv8g5178l3hxhm8ll2f1040000gp/T/chromatic--73493-RsU20sDe75jM/[22m[2massets/[22m[36mOpenInNewIcon-Ca9jq-Q-.js                       [39m[1m[2m    0.17 kB[22m[1m[22m
[2m../../../../var/folders/wx/chrv8g5178l3hxhm8ll2f1040000gp/T/chromatic--73493-RsU20sDe75jM/[22m[2massets/[22m[36mArrowLeftIcon-DwW4BF5m.js                       [39m[1m[2m    0.17 kB[22m[1m[22m
[2m../../../../var/folders/wx/chrv8g5178l3hxhm8ll2f1040000gp/T/chromatic--73493-RsU20sDe75jM/[22m[2massets/[22m[36mArrowRightIcon-C0g9YatY.js                      [39m[1m[2m    0.17 kB[22m[1m[22m
[2m../../../../var/folders/wx/chrv8g5178l3hxhm8ll2f1040000gp/T/chromatic--73493-RsU20sDe75jM/[22m[2massets/[22m[36mChevronLeftIcon-CMIeL-1g.js                     [39m[1m[2m    0.17 kB[22m[1m[22m
[2m../../../../var/folders/wx/chrv8g5178l3hxhm8ll2f1040000gp/T/chromatic--73493-RsU20sDe75jM/[22m[2massets/[22m[36mChevronDownIcon-BhX166-I.js                     [39m[1m[2m    0.17 kB[22m[1m[22m
[2m../../../../var/folders/wx/chrv8g5178l3hxhm8ll2f1040000gp/T/chromatic--73493-RsU20sDe75jM/[22m[2massets/[22m[36mChevronRightIcon-CKnQuFd-.js                    [39m[1m[2m    0.17 kB[22m[1m[22m
[2m../../../../var/folders/wx/chrv8g5178l3hxhm8ll2f1040000gp/T/chromatic--73493-RsU20sDe75jM/[22m[2massets/[22m[36mInfoIcon-BlNkaEPp.js                            [39m[1m[2m    0.18 kB[22m[1m[22m
[2m../../../../var/folders/wx/chrv8g5178l3hxhm8ll2f1040000gp/T/chromatic--73493-RsU20sDe75jM/[22m[2massets/[22m[36mErrorIcon-BUzJuHvT.js                           [39m[1m[2m    0.19 kB[22m[1m[22m
[2m../../../../var/folders/wx/chrv8g5178l3hxhm8ll2f1040000gp/T/chromatic--73493-RsU20sDe75jM/[22m[2massets/[22m[36museDelayedRender-CIxj23Za.js                    [39m[1m[2m    0.20 kB[22m[1m[22m
[2m../../../../var/folders/wx/chrv8g5178l3hxhm8ll2f1040000gp/T/chromatic--73493-RsU20sDe75jM/[22m[2massets/[22m[36museId-D5tae-94.js                               [39m[1m[2m    0.20 kB[22m[1m[22m
[2m../../../../var/folders/wx/chrv8g5178l3hxhm8ll2f1040000gp/T/chromatic--73493-RsU20sDe75jM/[22m[2massets/[22m[36mArrowUpIcon-Rp25LNsD.js                         [39m[1m[2m    0.25 kB[22m[1m[22m
[2m../../../../var/folders/wx/chrv8g5178l3hxhm8ll2f1040000gp/T/chromatic--73493-RsU20sDe75jM/[22m[2massets/[22m[36mWarningIcon-CEzM2MGT.js                         [39m[1m[2m    0.28 kB[22m[1m[22m
[2m../../../../var/folders/wx/chrv8g5178l3hxhm8ll2f1040000gp/T/chromatic--73493-RsU20sDe75jM/[22m[2massets/[22m[36mclsx-B-dksMZM.js                                [39m[1m[2m    0.37 kB[22m[1m[22m
[2m../../../../var/folders/wx/chrv8g5178l3hxhm8ll2f1040000gp/T/chromatic--73493-RsU20sDe75jM/[22m[2massets/[22m[36mDismissButton-CYDOuv3N.js                       [39m[1m[2m    0.37 kB[22m[1m[22m
[2m../../../../var/folders/wx/chrv8g5178l3hxhm8ll2f1040000gp/T/chromatic--73493-RsU20sDe75jM/[22m[2massets/[22m[36mIconButton-Dij3CiJH.js                          [39m[1m[2m    0.38 kB[22m[1m[22m
[2m../../../../var/folders/wx/chrv8g5178l3hxhm8ll2f1040000gp/T/chromatic--73493-RsU20sDe75jM/[22m[2massets/[22m[36mLabel-BUNh0yvv.js                               [39m[1m[2m    0.39 kB[22m[1m[22m
[2m../../../../var/folders/wx/chrv8g5178l3hxhm8ll2f1040000gp/T/chromatic--73493-RsU20sDe75jM/[22m[2massets/[22m[36mIcon-r0TSmrxp.js                                [39m[1m[2m    0.39 kB[22m[1m[22m
[2m../../../../var/folders/wx/chrv8g5178l3hxhm8ll2f1040000gp/T/chromatic--73493-RsU20sDe75jM/[22m[2massets/[22m[36mfileInputContext-Gy-eEr__.js                    [39m[1m[2m    0.43 kB[22m[1m[22m
[2m../../../../var/folders/wx/chrv8g5178l3hxhm8ll2f1040000gp/T/chromatic--73493-RsU20sDe75jM/[22m[2massets/[22m[36mRadioButtonGroup-BGckFTsu.js                    [39m[1m[2m    0.49 kB[22m[1m[22m
[2m../../../../var/folders/wx/chrv8g5178l3hxhm8ll2f1040000gp/T/chromatic--73493-RsU20sDe75jM/[22m[2massets/[22m[36mformatNumber-DV9zPgm7.js                        [39m[1m[2m    0.56 kB[22m[1m[22m
[2m../../../../var/folders/wx/chrv8g5178l3hxhm8ll2f1040000gp/T/chromatic--73493-RsU20sDe75jM/[22m[2massets/[22m[36mCountdown-C1r3t1bT.js                           [39m[1m[2m    0.60 kB[22m[1m[22m
[2m../../../../var/folders/wx/chrv8g5178l3hxhm8ll2f1040000gp/T/chromatic--73493-RsU20sDe75jM/[22m[2massets/[22m[36mModalHeader.stories-DQHlBazh.js                 [39m[1m[2m    0.61 kB[22m[1m[22m
[2m../../../../var/folders/wx/chrv8g5178l3hxhm8ll2f1040000gp/T/chromatic--73493-RsU20sDe75jM/[22m[2massets/[22m[36mModal.stories-DFnU1jFe.js                       [39m[1m[2m    0.64 kB[22m[1m[22m
[2m../../../../var/folders/wx/chrv8g5178l3hxhm8ll2f1040000gp/T/chromatic--73493-RsU20sDe75jM/[22m[2massets/[22m[36mBaseRadioButton.stories-D4wOO8m0.js             [39m[1m[2m    0.65 kB[22m[1m[22m
[2m../../../../var/folders/wx/chrv8g5178l3hxhm8ll2f1040000gp/T/chromatic--73493-RsU20sDe75jM/[22m[2massets/[22m[36mTag-Bu5SvFBL.js                                 [39m[1m[2m    0.65 kB[22m[1m[22m
[2m../../../../var/folders/wx/chrv8g5178l3hxhm8ll2f1040000gp/T/chromatic--73493-RsU20sDe75jM/[22m[2massets/[22m[36mMenuDivider.stories-ppkgY-4E.js                 [39m[1m[2m    0.66 kB[22m[1m[22m
[2m../../../../var/folders/wx/chrv8g5178l3hxhm8ll2f1040000gp/T/chromatic--73493-RsU20sDe75jM/[22m[2massets/[22m[36mArrowVerticalAnimated-Cu_cCmbl.js               [39m[1m[2m    0.66 kB[22m[1m[22m
[2m../../../../var/folders/wx/chrv8g5178l3hxhm8ll2f1040000gp/T/chromatic--73493-RsU20sDe75jM/[22m[2massets/[22m[36mCheckbox.stories-Ci0EaAhl.js                    [39m[1m[2m    0.67 kB[22m[1m[22m
[2m../../../../var/folders/wx/chrv8g5178l3hxhm8ll2f1040000gp/T/chromatic--73493-RsU20sDe75jM/[22m[2massets/[22m[36mpreview-caVMbCIR.js                             [39m[1m[2m    0.69 kB[22m[1m[22m
[2m../../../../var/folders/wx/chrv8g5178l3hxhm8ll2f1040000gp/T/chromatic--73493-RsU20sDe75jM/[22m[2massets/[22m[36mChip-BpVfg8vK.js                                [39m[1m[2m    0.69 kB[22m[1m[22m
[2m../../../../var/folders/wx/chrv8g5178l3hxhm8ll2f1040000gp/T/chromatic--73493-RsU20sDe75jM/[22m[2massets/[22m[36m_commonjsHelpers-BosuxZz1.js                    [39m[1m[2m    0.69 kB[22m[1m[22m
[2m../../../../var/folders/wx/chrv8g5178l3hxhm8ll2f1040000gp/T/chromatic--73493-RsU20sDe75jM/[22m[2massets/[22m[36mTextInput-z_9b4gYf.js                           [39m[1m[2m    0.71 kB[22m[1m[22m
[2m../../../../var/folders/wx/chrv8g5178l3hxhm8ll2f1040000gp/T/chromatic--73493-RsU20sDe75jM/[22m[2massets/[22m[36mMenuItem-DXTgU1sI.js                            [39m[1m[2m    0.71 kB[22m[1m[22m
[2m../../../../var/folders/wx/chrv8g5178l3hxhm8ll2f1040000gp/T/chromatic--73493-RsU20sDe75jM/[22m[2massets/[22m[36mModalBody.stories-D8zLOTIO.js                   [39m[1m[2m    0.74 kB[22m[1m[22m
[2m../../../../var/folders/wx/chrv8g5178l3hxhm8ll2f1040000gp/T/chromatic--73493-RsU20sDe75jM/[22m[2massets/[22m[36mIconButton.stories-BnqWTd9z.js                  [39m[1m[2m    0.76 kB[22m[1m[22m
[2m../../../../var/folders/wx/chrv8g5178l3hxhm8ll2f1040000gp/T/chromatic--73493-RsU20sDe75jM/[22m[2massets/[22m[36mModalTitle.stories-DXM-_wRQ.js                  [39m[1m[2m    0.76 kB[22m[1m[22m
[2m../../../../var/folders/wx/chrv8g5178l3hxhm8ll2f1040000gp/T/chromatic--73493-RsU20sDe75jM/[22m[2massets/[22m[36mTextArea.stories-DueUchvP.js                    [39m[1m[2m    0.76 kB[22m[1m[22m
[2m../../../../var/folders/wx/chrv8g5178l3hxhm8ll2f1040000gp/T/chromatic--73493-RsU20sDe75jM/[22m[2massets/[22m[36mChip.stories-C9VFlWlU.js                        [39m[1m[2m    0.76 kB[22m[1m[22m
[2m../../../../var/folders/wx/chrv8g5178l3hxhm8ll2f1040000gp/T/chromatic--73493-RsU20sDe75jM/[22m[2massets/[22m[36mindex-DrFu-skq.js                               [39m[1m[2m    0.77 kB[22m[1m[22m
[2m../../../../var/folders/wx/chrv8g5178l3hxhm8ll2f1040000gp/T/chromatic--73493-RsU20sDe75jM/[22m[2massets/[22m[36mLabel.stories-Dy_ZJt9E.js                       [39m[1m[2m    0.78 kB[22m[1m[22m
[2m../../../../var/folders/wx/chrv8g5178l3hxhm8ll2f1040000gp/T/chromatic--73493-RsU20sDe75jM/[22m[2massets/[22m[36mLoader.stories-CEBQNTsK.js                      [39m[1m[2m    0.78 kB[22m[1m[22m
[2m../../../../var/folders/wx/chrv8g5178l3hxhm8ll2f1040000gp/T/chromatic--73493-RsU20sDe75jM/[22m[2massets/[22m[36mRadioButton.stories-CqVo0BbT.js                 [39m[1m[2m    0.79 kB[22m[1m[22m
[2m../../../../var/folders/wx/chrv8g5178l3hxhm8ll2f1040000gp/T/chromatic--73493-RsU20sDe75jM/[22m[2massets/[22m[36mGreenCheckIcon-BbpS1Kc7.js                      [39m[1m[2m    0.80 kB[22m[1m[22m
[2m../../../../var/folders/wx/chrv8g5178l3hxhm8ll2f1040000gp/T/chromatic--73493-RsU20sDe75jM/[22m[2massets/[22m[36mLoader-CtI2Aswz.js                              [39m[1m[2m    0.80 kB[22m[1m[22m
[2m../../../../var/folders/wx/chrv8g5178l3hxhm8ll2f1040000gp/T/chromatic--73493-RsU20sDe75jM/[22m[2massets/[22m[36mindex-Dk74W0Oi.js                               [39m[1m[2m    0.81 kB[22m[1m[22m
[2m../../../../var/folders/wx/chrv8g5178l3hxhm8ll2f1040000gp/T/chromatic--73493-RsU20sDe75jM/[22m[2massets/[22m[36mRadioButton-D3DjDVHi.js                         [39m[1m[2m    0.81 kB[22m[1m[22m
[2m../../../../var/folders/wx/chrv8g5178l3hxhm8ll2f1040000gp/T/chromatic--73493-RsU20sDe75jM/[22m[2massets/[22m[36mSupportLabel-B7UVpVYh.js                        [39m[1m[2m    0.83 kB[22m[1m[22m
[2m../../../../var/folders/wx/chrv8g5178l3hxhm8ll2f1040000gp/T/chromatic--73493-RsU20sDe75jM/[22m[2massets/[22m[36mreact-18-Bpq2AWNV.js                            [39m[1m[2m    0.84 kB[22m[1m[22m
[2m../../../../var/folders/wx/chrv8g5178l3hxhm8ll2f1040000gp/T/chromatic--73493-RsU20sDe75jM/[22m[2massets/[22m[36mBreadcrumbItem.stories-BTj4ImnO.js              [39m[1m[2m    0.85 kB[22m[1m[22m
[2m../../../../var/folders/wx/chrv8g5178l3hxhm8ll2f1040000gp/T/chromatic--73493-RsU20sDe75jM/[22m[2massets/[22m[36m_index-DSsuWXyV.js                              [39m[1m[2m    0.86 kB[22m[1m[22m
[2m../../../../var/folders/wx/chrv8g5178l3hxhm8ll2f1040000gp/T/chromatic--73493-RsU20sDe75jM/[22m[2massets/[22m[36mListItem-CKVvB2e6.js                            [39m[1m[2m    0.88 kB[22m[1m[22m
[2m../../../../var/folders/wx/chrv8g5178l3hxhm8ll2f1040000gp/T/chromatic--73493-RsU20sDe75jM/[22m[2massets/[22m[36mModalContianer.stories-CKpr3Lp6.js              [39m[1m[2m    0.88 kB[22m[1m[22m
[2m../../../../var/folders/wx/chrv8g5178l3hxhm8ll2f1040000gp/T/chromatic--73493-RsU20sDe75jM/[22m[2massets/[22m[36mInfoSystemMessage.stories-CA83bzC4.js           [39m[1m[2m    0.89 kB[22m[1m[22m
[2m../../../../var/folders/wx/chrv8g5178l3hxhm8ll2f1040000gp/T/chromatic--73493-RsU20sDe75jM/[22m[2massets/[22m[36mFieldGroup-jm2A2gzM.js                          [39m[1m[2m    0.89 kB[22m[1m[22m
[2m../../../../var/folders/wx/chrv8g5178l3hxhm8ll2f1040000gp/T/chromatic--73493-RsU20sDe75jM/[22m[2massets/[22m[36mErrorSystemMessage.stories-BJZ2MRpU.js          [39m[1m[2m    0.89 kB[22m[1m[22m
[2m../../../../var/folders/wx/chrv8g5178l3hxhm8ll2f1040000gp/T/chromatic--73493-RsU20sDe75jM/[22m[2massets/[22m[36mWarningSystemMessage.stories-h6416NY7.js        [39m[1m[2m    0.91 kB[22m[1m[22m
[2m../../../../var/folders/wx/chrv8g5178l3hxhm8ll2f1040000gp/T/chromatic--73493-RsU20sDe75jM/[22m[2massets/[22m[36mSuccessSystemMessage.stories-BZJtv7YG.js        [39m[1m[2m    0.91 kB[22m[1m[22m
[2m../../../../var/folders/wx/chrv8g5178l3hxhm8ll2f1040000gp/T/chromatic--73493-RsU20sDe75jM/[22m[2massets/[22m[36mjsx-runtime-BbjHj44Y.js                         [39m[1m[2m    0.92 kB[22m[1m[22m
[2m../../../../var/folders/wx/chrv8g5178l3hxhm8ll2f1040000gp/T/chromatic--73493-RsU20sDe75jM/[22m[2massets/[22m[36mBaseRadioButton-CQC5wg5P.js                     [39m[1m[2m    0.92 kB[22m[1m[22m
[2m../../../../var/folders/wx/chrv8g5178l3hxhm8ll2f1040000gp/T/chromatic--73493-RsU20sDe75jM/[22m[2massets/[22m[36museSwipeGesture-BxWnWyTZ.js                     [39m[1m[2m    0.92 kB[22m[1m[22m
[2m../../../../var/folders/wx/chrv8g5178l3hxhm8ll2f1040000gp/T/chromatic--73493-RsU20sDe75jM/[22m[2massets/[22m[36mInfoMessage.stories-Bam-99sP.js                 [39m[1m[2m    0.97 kB[22m[1m[22m
[2m../../../../var/folders/wx/chrv8g5178l3hxhm8ll2f1040000gp/T/chromatic--73493-RsU20sDe75jM/[22m[2massets/[22m[36mErrorMessage.stories-BLjby7-k.js                [39m[1m[2m    0.98 kB[22m[1m[22m
[2m../../../../var/folders/wx/chrv8g5178l3hxhm8ll2f1040000gp/T/chromatic--73493-RsU20sDe75jM/[22m[2massets/[22m[36mSuccessMessage.stories-ciXUsCyH.js              [39m[1m[2m    0.99 kB[22m[1m[22m
[2m../../../../var/folders/wx/chrv8g5178l3hxhm8ll2f1040000gp/T/chromatic--73493-RsU20sDe75jM/[22m[2massets/[22m[36mWarningMessage.stories-Cccu6OJh.js              [39m[1m[2m    0.99 kB[22m[1m[22m
[2m../../../../var/folders/wx/chrv8g5178l3hxhm8ll2f1040000gp/T/chromatic--73493-RsU20sDe75jM/[22m[2massets/[22m[36mModalOverlay.stories-sxvRUal9.js                [39m[1m[2m    0.99 kB[22m[1m[22m
[2m../../../../var/folders/wx/chrv8g5178l3hxhm8ll2f1040000gp/T/chromatic--73493-RsU20sDe75jM/[22m[2massets/[22m[36mSupportLabel.stories-lmNDo_Tl.js                [39m[1m[2m    1.00 kB[22m[1m[22m
[2m../../../../var/folders/wx/chrv8g5178l3hxhm8ll2f1040000gp/T/chromatic--73493-RsU20sDe75jM/[22m[2massets/[22m[36mMenuItem.stories-Bjx8fvy_.js                    [39m[1m[2m    1.03 kB[22m[1m[22m
[2m../../../../var/folders/wx/chrv8g5178l3hxhm8ll2f1040000gp/T/chromatic--73493-RsU20sDe75jM/[22m[2massets/[22m[36mModalCloseButton.stories-BqflTQxm.js            [39m[1m[2m    1.04 kB[22m[1m[22m
[2m../../../../var/folders/wx/chrv8g5178l3hxhm8ll2f1040000gp/T/chromatic--73493-RsU20sDe75jM/[22m[2massets/[22m[36mCountdown.stories-v5_ClJMk.js                   [39m[1m[2m    1.11 kB[22m[1m[22m
[2m../../../../var/folders/wx/chrv8g5178l3hxhm8ll2f1040000gp/T/chromatic--73493-RsU20sDe75jM/[22m[2massets/[22m[36mBaseTextInput-DdxEPqmQ.js                       [39m[1m[2m    1.11 kB[22m[1m[22m
[2m../../../../var/folders/wx/chrv8g5178l3hxhm8ll2f1040000gp/T/chromatic--73493-RsU20sDe75jM/[22m[2massets/[22m[36mInputGroup.stories-CmK-LMO9.js                  [39m[1m[2m    1.12 kB[22m[1m[22m
[2m../../../../var/folders/wx/chrv8g5178l3hxhm8ll2f1040000gp/T/chromatic--73493-RsU20sDe75jM/[22m[2massets/[22m[36mCheckbox-gKqyb02g.js                            [39m[1m[2m    1.13 kB[22m[1m[22m
[2m../../../../var/folders/wx/chrv8g5178l3hxhm8ll2f1040000gp/T/chromatic--73493-RsU20sDe75jM/[22m[2massets/[22m[36mNavLink.stories-AOn4cNLD.js                     [39m[1m[2m    1.14 kB[22m[1m[22m
[2m../../../../var/folders/wx/chrv8g5178l3hxhm8ll2f1040000gp/T/chromatic--73493-RsU20sDe75jM/[22m[2massets/[22m[36mBreadcrumb.stories-CHSOuIFo.js                  [39m[1m[2m    1.16 kB[22m[1m[22m
[2m../../../../var/folders/wx/chrv8g5178l3hxhm8ll2f1040000gp/T/chromatic--73493-RsU20sDe75jM/[22m[2massets/[22m[36mPopoverUncontrolled.stories-D5Z6pEKd.js         [39m[1m[2m    1.17 kB[22m[1m[22m
[2m../../../../var/folders/wx/chrv8g5178l3hxhm8ll2f1040000gp/T/chromatic--73493-RsU20sDe75jM/[22m[2massets/[22m[36mInputGroup-BH5AEyVf.js                          [39m[1m[2m    1.18 kB[22m[1m[22m
[2m../../../../var/folders/wx/chrv8g5178l3hxhm8ll2f1040000gp/T/chromatic--73493-RsU20sDe75jM/[22m[2massets/[22m[36mFlex-D8sRwcZL.js                                [39m[1m[2m    1.23 kB[22m[1m[22m
[2m../../../../var/folders/wx/chrv8g5178l3hxhm8ll2f1040000gp/T/chromatic--73493-RsU20sDe75jM/[22m[2massets/[22m[36mProgressBar.stories-BHHiMbuJ.js                 [39m[1m[2m    1.28 kB[22m[1m[22m
[2m../../../../var/folders/wx/chrv8g5178l3hxhm8ll2f1040000gp/T/chromatic--73493-RsU20sDe75jM/[22m[2massets/[22m[36mBaseTextInput.stories-DeZmpT3I.js               [39m[1m[2m    1.28 kB[22m[1m[22m
[2m../../../../var/folders/wx/chrv8g5178l3hxhm8ll2f1040000gp/T/chromatic--73493-RsU20sDe75jM/[22m[2massets/[22m[36mExpander.stories-DQa647bz.js                    [39m[1m[2m    1.29 kB[22m[1m[22m
[2m../../../../var/folders/wx/chrv8g5178l3hxhm8ll2f1040000gp/T/chromatic--73493-RsU20sDe75jM/[22m[2massets/[22m[36mRadioButtonGroup.stories-D_7CQZlV.js            [39m[1m[2m    1.35 kB[22m[1m[22m
[2m../../../../var/folders/wx/chrv8g5178l3hxhm8ll2f1040000gp/T/chromatic--73493-RsU20sDe75jM/[22m[2massets/[22m[36mPopoverControlled.stories-NI-REBWu.js           [39m[1m[2m    1.35 kB[22m[1m[22m
[2m../../../../var/folders/wx/chrv8g5178l3hxhm8ll2f1040000gp/T/chromatic--73493-RsU20sDe75jM/[22m[2massets/[22m[36mModalActions.stories-B3R4EWfR.js                [39m[1m[2m    1.39 kB[22m[1m[22m
[2m../../../../var/folders/wx/chrv8g5178l3hxhm8ll2f1040000gp/T/chromatic--73493-RsU20sDe75jM/[22m[2massets/[22m[36mLink.stories-DYwA3FPo.js                        [39m[1m[2m    1.41 kB[22m[1m[22m
[2m../../../../var/folders/wx/chrv8g5178l3hxhm8ll2f1040000gp/T/chromatic--73493-RsU20sDe75jM/[22m[2massets/[22m[36museBrowserPreferences-BilM7jlK.js               [39m[1m[2m    1.43 kB[22m[1m[22m
[2m../../../../var/folders/wx/chrv8g5178l3hxhm8ll2f1040000gp/T/chromatic--73493-RsU20sDe75jM/[22m[2massets/[22m[36museListNavigation-aqGkr7m_.js                   [39m[1m[2m    1.51 kB[22m[1m[22m
[2m../../../../var/folders/wx/chrv8g5178l3hxhm8ll2f1040000gp/T/chromatic--73493-RsU20sDe75jM/[22m[2massets/[22m[36mAccordionItem.stories-CgnK0uUl.js               [39m[1m[2m    1.52 kB[22m[1m[22m
[2m../../../../var/folders/wx/chrv8g5178l3hxhm8ll2f1040000gp/T/chromatic--73493-RsU20sDe75jM/[22m[2massets/[22m[36museAnimatedHeight-vUUA9z3D.js                   [39m[1m[2m    1.53 kB[22m[1m[22m
[2m../../../../var/folders/wx/chrv8g5178l3hxhm8ll2f1040000gp/T/chromatic--73493-RsU20sDe75jM/[22m[2massets/[22m[36mModal-hlXSEJmu.js                               [39m[1m[2m    1.61 kB[22m[1m[22m
[2m../../../../var/folders/wx/chrv8g5178l3hxhm8ll2f1040000gp/T/chromatic--73493-RsU20sDe75jM/[22m[2massets/[22m[36mToggleSwitch.stories-C82NQbCP.js                [39m[1m[2m    1.65 kB[22m[1m[22m
[2m../../../../var/folders/wx/chrv8g5178l3hxhm8ll2f1040000gp/T/chromatic--73493-RsU20sDe75jM/[22m[2massets/[22m[36mTag.stories-DCKW9h6h.js                         [39m[1m[2m    1.66 kB[22m[1m[22m
[2m../../../../var/folders/wx/chrv8g5178l3hxhm8ll2f1040000gp/T/chromatic--73493-RsU20sDe75jM/[22m[2massets/[22m[36mTooltip.stories-BZLFYJZj.js                     [39m[1m[2m    1.68 kB[22m[1m[22m
[2m../../../../var/folders/wx/chrv8g5178l3hxhm8ll2f1040000gp/T/chromatic--73493-RsU20sDe75jM/[22m[2massets/[22m[36m_index-DR41t5bF.js                              [39m[1m[2m    1.68 kB[22m[1m[22m
[2m../../../../var/folders/wx/chrv8g5178l3hxhm8ll2f1040000gp/T/chromatic--73493-RsU20sDe75jM/[22m[2massets/[22m[36mButton.stories-Lpoduz06.js                      [39m[1m[2m    1.69 kB[22m[1m[22m
[2m../../../../var/folders/wx/chrv8g5178l3hxhm8ll2f1040000gp/T/chromatic--73493-RsU20sDe75jM/[22m[2massets/[22m[36mDescriptionList.stories-CAjVFXKB.js             [39m[1m[2m    1.69 kB[22m[1m[22m
[2m../../../../var/folders/wx/chrv8g5178l3hxhm8ll2f1040000gp/T/chromatic--73493-RsU20sDe75jM/[22m[2massets/[22m[36mMessage-DMQvxFxU.js                             [39m[1m[2m    1.72 kB[22m[1m[22m
[2m../../../../var/folders/wx/chrv8g5178l3hxhm8ll2f1040000gp/T/chromatic--73493-RsU20sDe75jM/[22m[2massets/[22m[36mFormErrorMessage.stories-D-FcGE8M.js            [39m[1m[2m    1.72 kB[22m[1m[22m
[2m../../../../var/folders/wx/chrv8g5178l3hxhm8ll2f1040000gp/T/chromatic--73493-RsU20sDe75jM/[22m[2massets/[22m[36mFlex.stories-CEnlp1pB.js                        [39m[1m[2m    1.78 kB[22m[1m[22m
[2m../../../../var/folders/wx/chrv8g5178l3hxhm8ll2f1040000gp/T/chromatic--73493-RsU20sDe75jM/[22m[2massets/[22m[36mMenuItemCheckbox.stories-CwZgUzwI.js            [39m[1m[2m    1.82 kB[22m[1m[22m
[2m../../../../var/folders/wx/chrv8g5178l3hxhm8ll2f1040000gp/T/chromatic--73493-RsU20sDe75jM/[22m[2massets/[22m[36mRadioPanel.stories-DisQemTG.js                  [39m[1m[2m    1.94 kB[22m[1m[22m
[2m../../../../var/folders/wx/chrv8g5178l3hxhm8ll2f1040000gp/T/chromatic--73493-RsU20sDe75jM/[22m[2massets/[22m[36mTextArea-egPKhGSo.js                            [39m[1m[2m    2.07 kB[22m[1m[22m
[2m../../../../var/folders/wx/chrv8g5178l3hxhm8ll2f1040000gp/T/chromatic--73493-RsU20sDe75jM/[22m[2massets/[22m[36mindex-DcfIKM1A.js                               [39m[1m[2m    2.14 kB[22m[1m[22m
[2m../../../../var/folders/wx/chrv8g5178l3hxhm8ll2f1040000gp/T/chromatic--73493-RsU20sDe75jM/[22m[2massets/[22m[36mButton-DvW5f9ag.js                              [39m[1m[2m    2.14 kB[22m[1m[22m
[2m../../../../var/folders/wx/chrv8g5178l3hxhm8ll2f1040000gp/T/chromatic--73493-RsU20sDe75jM/[22m[2massets/[22m[36mLinkList.stories-DO11iqXj.js                    [39m[1m[2m    2.20 kB[22m[1m[22m
[2m../../../../var/folders/wx/chrv8g5178l3hxhm8ll2f1040000gp/T/chromatic--73493-RsU20sDe75jM/[22m[2massets/[22m[36m_index-Bx8pME1a.js                              [39m[1m[2m    2.23 kB[22m[1m[22m
[2m../../../../var/folders/wx/chrv8g5178l3hxhm8ll2f1040000gp/T/chromatic--73493-RsU20sDe75jM/[22m[2massets/[22m[36mCheckboxPanel.stories-LuZ1eaXm.js               [39m[1m[2m    2.23 kB[22m[1m[22m
[2m../../../../var/folders/wx/chrv8g5178l3hxhm8ll2f1040000gp/T/chromatic--73493-RsU20sDe75jM/[22m[2massets/[22m[36mBasePanel-4E-irNLs.js                           [39m[1m[2m    2.29 kB[22m[1m[22m
[2m../../../../var/folders/wx/chrv8g5178l3hxhm8ll2f1040000gp/T/chromatic--73493-RsU20sDe75jM/[22m[2massets/[22m[36mPopover-CDqPalvx.js                             [39m[1m[2m    2.30 kB[22m[1m[22m
[2m../../../../var/folders/wx/chrv8g5178l3hxhm8ll2f1040000gp/T/chromatic--73493-RsU20sDe75jM/[22m[2massets/[22m[36mCompleteModal.stories-V1Rfy3Fh.js               [39m[1m[2m    2.33 kB[22m[1m[22m
[2m../../../../var/folders/wx/chrv8g5178l3hxhm8ll2f1040000gp/T/chromatic--73493-RsU20sDe75jM/[22m[2massets/[22m[36mNavTabs.stories-C4MWAJPX.js                     [39m[1m[2m    2.44 kB[22m[1m[22m
[2m../../../../var/folders/wx/chrv8g5178l3hxhm8ll2f1040000gp/T/chromatic--73493-RsU20sDe75jM/[22m[2massets/[22m[36mExpanderPanel.stories-BMKHAghx.js               [39m[1m[2m    2.50 kB[22m[1m[22m
[2m../../../../var/folders/wx/chrv8g5178l3hxhm8ll2f1040000gp/T/chromatic--73493-RsU20sDe75jM/[22m[2massets/[22m[36msummary-table.stories-DwpoxW8y.js               [39m[1m[2m    2.61 kB[22m[1m[22m
[2m../../../../var/folders/wx/chrv8g5178l3hxhm8ll2f1040000gp/T/chromatic--73493-RsU20sDe75jM/[22m[2massets/[22m[36mImage.stories-BEW3yN3r.js                       [39m[1m[2m    2.63 kB[22m[1m[22m
[2m../../../../var/folders/wx/chrv8g5178l3hxhm8ll2f1040000gp/T/chromatic--73493-RsU20sDe75jM/[22m[2massets/[22m[36mpreview-B2L9PFTv.js                             [39m[1m[2m    2.64 kB[22m[1m[22m
[2m../../../../var/folders/wx/chrv8g5178l3hxhm8ll2f1040000gp/T/chromatic--73493-RsU20sDe75jM/[22m[2massets/[22m[36mFieldGroup.stories-COq39Vip.js                  [39m[1m[2m    2.85 kB[22m[1m[22m
[2m../../../../var/folders/wx/chrv8g5178l3hxhm8ll2f1040000gp/T/chromatic--73493-RsU20sDe75jM/[22m[2massets/[22m[36mCard.stories-oXsNqidM.js                        [39m[1m[2m    3.05 kB[22m[1m[22m
[2m../../../../var/folders/wx/chrv8g5178l3hxhm8ll2f1040000gp/T/chromatic--73493-RsU20sDe75jM/[22m[2massets/[22m[36mTooltipTrigger-X7oPxokE.js                      [39m[1m[2m    3.21 kB[22m[1m[22m
[2m../../../../var/folders/wx/chrv8g5178l3hxhm8ll2f1040000gp/T/chromatic--73493-RsU20sDe75jM/[22m[2massets/[22m[36mpreview-DHPc-V4N.js                             [39m[1m[2m    3.40 kB[22m[1m[22m
[2m../../../../var/folders/wx/chrv8g5178l3hxhm8ll2f1040000gp/T/chromatic--73493-RsU20sDe75jM/[22m[2massets/[22m[36mTabs.stories-jytiD_ei.js                        [39m[1m[2m    3.93 kB[22m[1m[22m
[2m../../../../var/folders/wx/chrv8g5178l3hxhm8ll2f1040000gp/T/chromatic--73493-RsU20sDe75jM/[22m[2massets/[22m[36mPagination.stories-CfxbZx7p.js                  [39m[1m[2m    3.97 kB[22m[1m[22m
[2m../../../../var/folders/wx/chrv8g5178l3hxhm8ll2f1040000gp/T/chromatic--73493-RsU20sDe75jM/[22m[2massets/[22m[36mAccordion.stories-DgdwhzzZ.js                   [39m[1m[2m    3.97 kB[22m[1m[22m
[2m../../../../var/folders/wx/chrv8g5178l3hxhm8ll2f1040000gp/T/chromatic--73493-RsU20sDe75jM/[22m[2massets/[22m[36mList.stories-B6aW-vcx.js                        [39m[1m[2m    4.01 kB[22m[1m[22m
[2m../../../../var/folders/wx/chrv8g5178l3hxhm8ll2f1040000gp/T/chromatic--73493-RsU20sDe75jM/[22m[2massets/[22m[36mLogo.stories-PpkLWTF6.js                        [39m[1m[2m    4.35 kB[22m[1m[22m
[2m../../../../var/folders/wx/chrv8g5178l3hxhm8ll2f1040000gp/T/chromatic--73493-RsU20sDe75jM/[22m[2massets/[22m[36mFileInput.stories-Ci57gjE2.js                   [39m[1m[2m    4.42 kB[22m[1m[22m
[2m../../../../var/folders/wx/chrv8g5178l3hxhm8ll2f1040000gp/T/chromatic--73493-RsU20sDe75jM/[22m[2massets/[22m[36m_index-zcvksTcD.js                              [39m[1m[2m    4.47 kB[22m[1m[22m
[2m../../../../var/folders/wx/chrv8g5178l3hxhm8ll2f1040000gp/T/chromatic--73493-RsU20sDe75jM/[22m[2massets/[22m[36mIcons.stories-D2xnru_7.js                       [39m[1m[2m    4.51 kB[22m[1m[22m
[2m../../../../var/folders/wx/chrv8g5178l3hxhm8ll2f1040000gp/T/chromatic--73493-RsU20sDe75jM/[22m[2massets/[22m[36mtokens-DyQL8Q6a.js                              [39m[1m[2m    4.78 kB[22m[1m[22m
[2m../../../../var/folders/wx/chrv8g5178l3hxhm8ll2f1040000gp/T/chromatic--73493-RsU20sDe75jM/[22m[2massets/[22m[36mpreview-ncvtW_hb.js                             [39m[1m[2m    4.84 kB[22m[1m[22m
[2m../../../../var/folders/wx/chrv8g5178l3hxhm8ll2f1040000gp/T/chromatic--73493-RsU20sDe75jM/[22m[2massets/[22m[36mTextInput.stories-DTwEjRJV.js                   [39m[1m[2m    4.99 kB[22m[1m[22m
[2m../../../../var/folders/wx/chrv8g5178l3hxhm8ll2f1040000gp/T/chromatic--73493-RsU20sDe75jM/[22m[2massets/[22m[36mSkeleton.stories-CESTF9VY.js                    [39m[1m[2m    5.24 kB[22m[1m[22m
[2m../../../../var/folders/wx/chrv8g5178l3hxhm8ll2f1040000gp/T/chromatic--73493-RsU20sDe75jM/[22m[2massets/[22m[36mtable.stories-D8C8CaHx.js                       [39m[1m[2m    5.57 kB[22m[1m[22m
[2m../../../../var/folders/wx/chrv8g5178l3hxhm8ll2f1040000gp/T/chromatic--73493-RsU20sDe75jM/[22m[2massets/[22m[36mMenu.stories-BpxyMYez.js                        [39m[1m[2m    5.92 kB[22m[1m[22m
[2m../../../../var/folders/wx/chrv8g5178l3hxhm8ll2f1040000gp/T/chromatic--73493-RsU20sDe75jM/[22m[2massets/[22m[36mLogoStamp.stories-vUzuDMWh.js                   [39m[1m[2m    5.98 kB[22m[1m[22m
[2m../../../../var/folders/wx/chrv8g5178l3hxhm8ll2f1040000gp/T/chromatic--73493-RsU20sDe75jM/[22m[2massets/[22m[36mindex-C6mWTJJr.js                               [39m[1m[2m    7.18 kB[22m[1m[22m
[2m../../../../var/folders/wx/chrv8g5178l3hxhm8ll2f1040000gp/T/chromatic--73493-RsU20sDe75jM/[22m[2massets/[22m[36mpreview-BWzBA1C2.js                             [39m[1m[2m    7.62 kB[22m[1m[22m
[2m../../../../var/folders/wx/chrv8g5178l3hxhm8ll2f1040000gp/T/chromatic--73493-RsU20sDe75jM/[22m[2massets/[22m[36mselect.stories-w2Mng_Xy.js                      [39m[1m[2m    7.73 kB[22m[1m[22m
[2m../../../../var/folders/wx/chrv8g5178l3hxhm8ll2f1040000gp/T/chromatic--73493-RsU20sDe75jM/[22m[2massets/[22m[36mCombobox.stories-BUJGATT1.js                    [39m[1m[2m    8.00 kB[22m[1m[22m
[2m../../../../var/folders/wx/chrv8g5178l3hxhm8ll2f1040000gp/T/chromatic--73493-RsU20sDe75jM/[22m[2massets/[22m[36mpreview-CuLlOZat.js                             [39m[1m[2m    8.08 kB[22m[1m[22m
[2m../../../../var/folders/wx/chrv8g5178l3hxhm8ll2f1040000gp/T/chromatic--73493-RsU20sDe75jM/[22m[2massets/[22m[36mCookieConsent.stories-BKumZ1ee.js               [39m[1m[2m   14.38 kB[22m[1m[22m
[2m../../../../var/folders/wx/chrv8g5178l3hxhm8ll2f1040000gp/T/chromatic--73493-RsU20sDe75jM/[22m[2massets/[22m[36mToast.stories-YyJigk2U.js                       [39m[1m[2m   15.14 kB[22m[1m[22m
[2m../../../../var/folders/wx/chrv8g5178l3hxhm8ll2f1040000gp/T/chromatic--73493-RsU20sDe75jM/[22m[2massets/[22m[36mDatepicker.stories-BqhOaRjn.js                  [39m[1m[2m   17.93 kB[22m[1m[22m
[2m../../../../var/folders/wx/chrv8g5178l3hxhm8ll2f1040000gp/T/chromatic--73493-RsU20sDe75jM/[22m[2massets/[22m[36mFeedback.stories-CnukUOrV.js                    [39m[1m[2m   18.57 kB[22m[1m[22m
[2m../../../../var/folders/wx/chrv8g5178l3hxhm8ll2f1040000gp/T/chromatic--73493-RsU20sDe75jM/[22m[2massets/[22m[36mmatchers-7Z3WT2CE-DM6fYTiH.js                   [39m[1m[2m   29.67 kB[22m[1m[22m
[2m../../../../var/folders/wx/chrv8g5178l3hxhm8ll2f1040000gp/T/chromatic--73493-RsU20sDe75jM/[22m[2massets/[22m[36mAutosuggest.stories-vIWxhDe8.js                 [39m[1m[2m   32.92 kB[22m[1m[22m
[2m../../../../var/folders/wx/chrv8g5178l3hxhm8ll2f1040000gp/T/chromatic--73493-RsU20sDe75jM/[22m[2massets/[22m[36mentry-preview-DaDE_HW5.js                       [39m[1m[2m   42.17 kB[22m[1m[22m
[2m../../../../var/folders/wx/chrv8g5178l3hxhm8ll2f1040000gp/T/chromatic--73493-RsU20sDe75jM/[22m[2massets/[22m[36mFile.stories-hJpddjjG.js                        [39m[1m[2m   45.37 kB[22m[1m[22m
[2m../../../../var/folders/wx/chrv8g5178l3hxhm8ll2f1040000gp/T/chromatic--73493-RsU20sDe75jM/[22m[2massets/[22m[36mgetThemeAndDensity-BBmcQvRI.js                  [39m[1m[2m   62.51 kB[22m[1m[22m
[2m../../../../var/folders/wx/chrv8g5178l3hxhm8ll2f1040000gp/T/chromatic--73493-RsU20sDe75jM/[22m[2massets/[22m[36mindex-pog2GJPB.js                               [39m[1m[2m  133.99 kB[22m[1m[22m
[2m../../../../var/folders/wx/chrv8g5178l3hxhm8ll2f1040000gp/T/chromatic--73493-RsU20sDe75jM/[22m[2massets/[22m[36miframe-CODNK-Ph.js                              [39m[1m[2m  221.55 kB[22m[1m[22m
[2m../../../../var/folders/wx/chrv8g5178l3hxhm8ll2f1040000gp/T/chromatic--73493-RsU20sDe75jM/[22m[2massets/[22m[36maxe-CvmqbaZ7.js                                 [39m[1m[33m  534.89 kB[39m[22m
[2m../../../../var/folders/wx/chrv8g5178l3hxhm8ll2f1040000gp/T/chromatic--73493-RsU20sDe75jM/[22m[2massets/[22m[36mindex-U_dW91fW.js                               [39m[1m[33m  657.96 kB[39m[22m
[2m../../../../var/folders/wx/chrv8g5178l3hxhm8ll2f1040000gp/T/chromatic--73493-RsU20sDe75jM/[22m[2massets/[22m[36mpreview-BdYePt7Y.js                             [39m[1m[33m  659.35 kB[39m[22m
[32m✓ built in 4.00s[39m
info => Preview built ([38;2;181;126;229m4.04 s[39m)
info => Output directory: /var/folders/wx/chrv8g5178l3hxhm8ll2f1040000gp/T/chromatic--73493-RsU20sDe75jM
